0 info it worked if it ends with ok
1 verbose cli [ '/usr/bin/node', '/usr/bin/npm', 'run', 'seed' ]
2 info using npm@3.5.2
3 info using node@v8.10.0
4 verbose run-script [ 'preseed', 'seed', 'postseed' ]
5 info lifecycle puppyparadise@1.0.0~preseed: puppyparadise@1.0.0
6 silly lifecycle puppyparadise@1.0.0~preseed: no script for preseed, continuing
7 info lifecycle puppyparadise@1.0.0~seed: puppyparadise@1.0.0
8 verbose lifecycle puppyparadise@1.0.0~seed: unsafe-perm in lifecycle true
9 verbose lifecycle puppyparadise@1.0.0~seed: PATH: /usr/share/npm/bin/node-gyp-bin:/home/brian/Fullstack/projects/puppy-paradise-backend/node_modules/.bin:/usr/local/sbin:/usr/local/bin:/usr/sbin:/usr/bin:/sbin:/bin:/usr/games:/usr/local/games:/usr/lib/wsl/lib:/mnt/c/Program Files/WindowsApps/CanonicalGroupLimited.Ubuntu18.04LTS_1804.5.1.0_x64__79rhkp1fndgsc:/mnt/c/Windows/system32:/mnt/c/Windows:/mnt/c/Windows/System32/Wbem:/mnt/c/Windows/System32/WindowsPowerShell/v1.0/:/mnt/c/Program Files (x86)/NVIDIA Corporation/PhysX/Common:/mnt/c/WINDOWS/system32:/mnt/c/WINDOWS:/mnt/c/WINDOWS/System32/Wbem:/mnt/c/WINDOWS/System32/WindowsPowerShell/v1.0/:/mnt/c/Program Files (x86)/Windows Live/Shared:/mnt/c/WINDOWS/System32/OpenSSH/:/mnt/c/WINDOWS/system32:/mnt/c/WINDOWS:/mnt/c/WINDOWS/System32/Wbem:/mnt/c/WINDOWS/System32/WindowsPowerShell/v1.0/:/mnt/c/WINDOWS/System32/OpenSSH/:/mnt/c/Program Files/Git/cmd:/mnt/c/Program Files/Docker/Docker/resources/bin:/mnt/c/Users/Brian/AppData/Local/Microsoft/WindowsApps:/mnt/c/Users/Brian/AppData/Local/Programs/Microsoft VS Code/bin:/snap/bin
10 verbose lifecycle puppyparadise@1.0.0~seed: CWD: /home/brian/Fullstack/projects/puppy-paradise-backend
11 silly lifecycle puppyparadise@1.0.0~seed: Args: [ '-c', 'node ./db/seed.js' ]
12 silly lifecycle puppyparadise@1.0.0~seed: Returned: code: 1  signal: null
13 info lifecycle puppyparadise@1.0.0~seed: Failed to exec seed script
14 verbose stack Error: puppyparadise@1.0.0 seed: `node ./db/seed.js`
14 verbose stack Exit status 1
14 verbose stack     at EventEmitter.<anonymous> (/usr/share/npm/lib/utils/lifecycle.js:232:16)
14 verbose stack     at emitTwo (events.js:126:13)
14 verbose stack     at EventEmitter.emit (events.js:214:7)
14 verbose stack     at ChildProcess.<anonymous> (/usr/share/npm/lib/utils/spawn.js:24:14)
14 verbose stack     at emitTwo (events.js:126:13)
14 verbose stack     at ChildProcess.emit (events.js:214:7)
14 verbose stack     at maybeClose (internal/child_process.js:925:16)
14 verbose stack     at Process.ChildProcess._handle.onexit (internal/child_process.js:209:5)
15 verbose pkgid puppyparadise@1.0.0
16 verbose cwd /home/brian/Fullstack/projects/puppy-paradise-backend
17 error Linux 5.10.102.1-microsoft-standard-WSL2
18 error argv "/usr/bin/node" "/usr/bin/npm" "run" "seed"
19 error node v8.10.0
20 error npm  v3.5.2
21 error code ELIFECYCLE
22 error puppyparadise@1.0.0 seed: `node ./db/seed.js`
22 error Exit status 1
23 error Failed at the puppyparadise@1.0.0 seed script 'node ./db/seed.js'.
23 error Make sure you have the latest version of node.js and npm installed.
23 error If you do, this is most likely a problem with the puppyparadise package,
23 error not with npm itself.
23 error Tell the author that this fails on your system:
23 error     node ./db/seed.js
23 error You can get information on how to open an issue for this project with:
23 error     npm bugs puppyparadise
23 error Or if that isn't available, you can get their info via:
23 error     npm owner ls puppyparadise
23 error There is likely additional logging output above.
24 verbose exit [ 1, true ]
